Starting the browser...
Browser started successfully.            Navigating to the demo page to login.
User Name successfully entered
Password successfully entered
I'm standard_user able to successfully Login
Great Work! You are on the right track

Now You can add the products to the cart
I'm able to add "Sauce Labs Backpack" into the cart
I'm able to add "Sauce Labs Bike Light" into the cart
I'm able to add "Sauce Labs Bolt T-Shirt" into the cart
I'm able to add "Sauce Labs Fleece Jacket" into the cart
I'm able to add "Sauce Labs Onesie" into the cart
I'm able to add "Test.allTheThings() T-Shirt (Red)" into the cart
Hey!! I have 6 products in my cart
I'm able to remove "Sauce Labs Backpack" from the cart
I'm able to remove "Sauce Labs Bike Light" from the cart
I'm able to remove "Sauce Labs Bolt T-Shirt" from the cart
I'm able to remove "Sauce Labs Fleece Jacket" from the cart
I'm able to remove "Sauce Labs Onesie" from the cart
I'm able to remove "Test.allTheThings() T-Shirt (Red)" from the cart
I was able to perform both adding and removing products tasks successfully
Starting the browser...
Browser started successfully.            Navigating to the demo page to login.
User Name successfully entered
Password successfully entered
I'm standard_user able to successfully Login
Great Work! You are on the right track

Now You can add the products to the cart
I'm able to add "Sauce Labs Backpack" into the cart
I'm able to add "Sauce Labs Bike Light" into the cart
I'm able to add "Sauce Labs Bolt T-Shirt" into the cart
I'm able to add "Sauce Labs Fleece Jacket" into the cart
I'm able to add "Sauce Labs Onesie" into the cart
I'm able to add "Test.allTheThings() T-Shirt (Red)" into the cart
Hey!! I have 6 products in my cart
I'm able to remove "Sauce Labs Backpack" from the cart
I'm able to remove "Sauce Labs Bike Light" from the cart
I'm able to remove "Sauce Labs Bolt T-Shirt" from the cart
I'm able to remove "Sauce Labs Fleece Jacket" from the cart
I'm able to remove "Sauce Labs Onesie" from the cart
I'm able to remove "Test.allTheThings() T-Shirt (Red)" from the cart
I was able to perform both adding and removing products tasks successfully
Starting the browser...
Browser started successfully.            Navigating to the demo page to login.
User Name successfully entered
Password successfully entered
I'm standard_user able to successfully Login
Great Work! You are on the right track

Now You can add the products to the cart
I'm able to add "Sauce Labs Backpack" into the cart
I'm able to add "Sauce Labs Bike Light" into the cart
I'm able to add "Sauce Labs Bolt T-Shirt" into the cart
I'm able to add "Sauce Labs Fleece Jacket" into the cart
I'm able to add "Sauce Labs Onesie" into the cart
I'm able to add "Test.allTheThings() T-Shirt (Red)" into the cart
Hey!! I have 6 products in my cart
I'm able to remove "Sauce Labs Backpack" from the cart
I'm able to remove "Sauce Labs Bike Light" from the cart
I'm able to remove "Sauce Labs Bolt T-Shirt" from the cart
I'm able to remove "Sauce Labs Fleece Jacket" from the cart
I'm able to remove "Sauce Labs Onesie" from the cart
I'm able to remove "Test.allTheThings() T-Shirt (Red)" from the cart
I was able to perform both adding and removing products tasks successfully
