2021-11-10 04:14:12.499608 Starting the browser...
2021-11-10 04:14:12.499608 Browser started successfully.            Navigating to the demo page to login.
2021-11-10 04:14:12.499608 User Name successfully entered
2021-11-10 04:14:12.499608 Password successfully entered
2021-11-10 04:14:12.499608 I'm standard_user able to successfully Login
2021-11-10 04:14:12.499608 Great Work! You are on the right track

2021-11-10 04:14:12.499608 Now You can add the products to the cart
2021-11-10 04:14:12.499608 I'm able to add "Sauce Labs Backpack" into the cart
2021-11-10 04:14:12.499608 I'm able to add "Sauce Labs Bike Light" into the cart
2021-11-10 04:14:12.499608 I'm able to add "Sauce Labs Bolt T-Shirt" into the cart
2021-11-10 04:14:12.499608 I'm able to add "Sauce Labs Fleece Jacket" into the cart
2021-11-10 04:14:12.499608 I'm able to add "Sauce Labs Onesie" into the cart
2021-11-10 04:14:12.499608 I'm able to add "Test.allTheThings() T-Shirt (Red)" into the cart
2021-11-10 04:14:12.499608 Hey!! I have 6 products in my cart
2021-11-10 04:14:12.499608 I'm able to remove "Sauce Labs Backpack" from the cart
2021-11-10 04:14:12.499608 I'm able to remove "Sauce Labs Bike Light" from the cart
2021-11-10 04:14:12.499608 I'm able to remove "Sauce Labs Bolt T-Shirt" from the cart
2021-11-10 04:14:12.499608 I'm able to remove "Sauce Labs Fleece Jacket" from the cart
2021-11-10 04:14:12.499608 I'm able to remove "Sauce Labs Onesie" from the cart
2021-11-10 04:14:12.499608 I'm able to remove "Test.allTheThings() T-Shirt (Red)" from the cart
2021-11-10 04:14:12.499608 I was able to perform both adding and removing products tasks successfully
